<?xml version="1.0" encoding="UTF-8"?>
<testsuites name="Mocha Tests" time="5.8820" tests="7" failures="0">
  <testsuite name="Root Suite" timestamp="2021-07-29T06:39:44" tests="0" file="cypress/integration/homepage.test.js" time="0.0000" failures="0">
  </testsuite>
  <testsuite name="Home Page Test" timestamp="2021-07-29T06:39:44" tests="7" time="5.8820" failures="0">
    <testcase name="Home Page Test Product X Link" time="2.5680" classname="Product X Link">
    </testcase>
    <testcase name="Home Page Test Summary Link" time="0.5230" classname="Summary Link">
    </testcase>
    <testcase name="Home Page Test Dashboard Link" time="0.4000" classname="Dashboard Link">
    </testcase>
    <testcase name="Home Page Test Go to Platform Link" time="0.9740" classname="Go to Platform Link">
    </testcase>
    <testcase name="Home Page Test document Link" time="0.4180" classname="document Link">
    </testcase>
    <testcase name="Home Page Test H1 test" time="0.4180" classname="H1 test">
    </testcase>
    <testcase name="Home Page Test h3 test" time="0.5810" classname="h3 test">
    </testcase>
  </testsuite>
</testsuites>