<?xml version="1.0" encoding="UTF-8"?>
<testsuites name="Mocha Tests" time="28.9590" tests="5" failures="0">
  <testsuite name="Root Suite" timestamp="2021-07-29T08:07:40" tests="0" file="cypress/integration/myevent.test.js" time="0.0000" failures="0">
  </testsuite>
  <testsuite name="My Event Page" timestamp="2021-07-29T08:07:40" tests="5" time="28.9590" failures="0">
    <testcase name="My Event Page Show My Event Tab and Authorization Tab" time="6.5140" classname="Show My Event Tab and Authorization Tab">
    </testcase>
    <testcase name="My Event Page Check My Event List subscriber" time="4.3080" classname="Check My Event List subscriber">
    </testcase>
    <testcase name="My Event Page Check My Event List View API" time="6.2360" classname="Check My Event List View API">
    </testcase>
    <testcase name="My Event Page Go to My Authorzation List and View API" time="5.9740" classname="Go to My Authorzation List and View API">
    </testcase>
    <testcase name="My Event Page Go to My Authorzation List and Download Cred" time="5.9270" classname="Go to My Authorzation List and Download Cred">
    </testcase>
  </testsuite>
</testsuites>