<?xml version="1.0" encoding="UTF-8"?>
<testsuites name="Mocha Tests" time="28.2070" tests="5" failures="0">
  <testsuite name="Root Suite" timestamp="2021-07-29T06:39:56" tests="0" file="cypress/integration/myevent.test.js" time="0.0000" failures="0">
  </testsuite>
  <testsuite name="My Event Page" timestamp="2021-07-29T06:39:56" tests="5" time="28.2070" failures="0">
    <testcase name="My Event Page Show My Event Tab and Authorization Tab" time="5.7520" classname="Show My Event Tab and Authorization Tab">
    </testcase>
    <testcase name="My Event Page Check My Event List subscriber" time="4.3230" classname="Check My Event List subscriber">
    </testcase>
    <testcase name="My Event Page Check My Event List View API" time="6.2560" classname="Check My Event List View API">
    </testcase>
    <testcase name="My Event Page Go to My Authorzation List and View API" time="5.9690" classname="Go to My Authorzation List and View API">
    </testcase>
    <testcase name="My Event Page Go to My Authorzation List and Download Cred" time="5.9070" classname="Go to My Authorzation List and Download Cred">
    </testcase>
  </testsuite>
</testsuites>