<?xml version="1.0" encoding="UTF-8"?>
<testsuites name="Mocha Tests" time="5.2930" tests="2" failures="0">
  <testsuite name="Root Suite" timestamp="2021-07-29T08:07:16" tests="0" file="cypress/integration/apiviewer.test.js" time="0.0000" failures="0">
  </testsuite>
  <testsuite name="Api Viewer Test" timestamp="2021-07-29T08:07:16" tests="2" time="5.2930" failures="0">
    <testcase name="Api Viewer Test Check Api Name" time="3.9090" classname="Check Api Name">
    </testcase>
    <testcase name="Api Viewer Test Check info" time="1.3840" classname="Check info">
    </testcase>
  </testsuite>
</testsuites>